{"C:\\Users\\Shalini\\Documents\\Desktop\\Creating Studios\\NodeJS LOM\\I2rys\\is-ip-proxy\\index.js": {"path":"C:\\Users\\Shalini\\Documents\\Desktop\\Creating Studios\\NodeJS LOM\\I2rys\\is-ip-proxy\\index.js","statementMap":{"0":{"start":{"line":4,"column":16},"end":{"line":4,"column":40}},"1":{"start":{"line":8,"column":19},"end":{"line":8,"column":81}},"2":{"start":{"line":9,"column":4},"end":{"line":9,"column":40}},"3":{"start":{"line":11,"column":4},"end":{"line":11,"column":25}},"4":{"start":{"line":14,"column":0},"end":{"line":16,"column":1}}},"fnMap":{"0":{"name":"check","decl":{"start":{"line":7,"column":15},"end":{"line":7,"column":20}},"loc":{"start":{"line":7,"column":24},"end":{"line":12,"column":1}},"line":7}},"branchMap":{},"s":{"0":1,"1":2,"2":2,"3":2,"4":1},"f":{"0":2},"b":{},"_coverageSchema":"1a1c01bbd47fc00a2c39e90264f33305004495a9","hash":"2b95b736a159338837566dc71312b169353c99be"}
}
